<?xml version="1.0" encoding="UTF-8"?>
<!-- Generated by org.testng.reporters.JUnitReportReporter -->
<testsuite hostname="DESKTOP-H77RRL7" failures="1" tests="1" name="com.qa.rest.tests.GETCallBDD" time="1.807" errors="0" timestamp="2021-04-26T13:20:56 BST" skipped="0">
  <testcase classname="com.qa.rest.tests.GETCallBDD" name="test_total_users_count" time="1.807">
    <failure message="1 expectation failed.
Expected header &quot;content-length&quot; was not &quot;155&quot;, was &quot;null&quot;. Headers are:
Date=Mon, 26 Apr 2021 12:20:56 GMT
Content-Type=application/json; charset=utf-8
Transfer-Encoding=chunked
Connection=keep-alive
Set-Cookie=__cfduid=da903d0d795b2be154666bd6980be4e151619439656; expires=Wed, 26-May-21 12:20:56 GMT; path=/; domain=.typicode.com; HttpOnly; SameSite=Lax
X-Powered-By=Express
X-Ratelimit-Limit=1000
X-Ratelimit-Remaining=999
X-Ratelimit-Reset=1619330730
Vary=Origin, Accept-Encoding
Access-Control-Allow-Credentials=true
Cache-Control=max-age=43200
Pragma=no-cache
Expires=-1
X-Content-Type-Options=nosniff
Etag=W/&quot;160d-1eMSsxeJRfnVLRBmYJSbCiJZ1qQ&quot;
Content-Encoding=gzip
Via=1.1 vegur
CF-Cache-Status=HIT
Age=8888
cf-request-id=09afb934ef0000ce27d326a000000001
Expect-CT=max-age=604800, report-uri=&quot;https://report-uri.cloudflare.com/cdn-cgi/beacon/expect-ct&quot;
Report-To={&quot;endpoints&quot;:[{&quot;url&quot;:&quot;https:\/\/a.nel.cloudflare.com\/report?s=CxgpeALgK6s%2BnGKNqIqD2ljsIcTi5hi8UD%2FVwmzbgqgo5R5MQ4cv%2FC6zHOqzuTrfJxYEdYztwCmzVUWkI2JGzT%2FhnjrazWrwzCPMbWHvjbwkgplEuZKFbc0MjGGi&quot;}],&quot;max_age&quot;:604800,&quot;group&quot;:&quot;cf-nel&quot;}
NEL={&quot;max_age&quot;:604800,&quot;report_to&quot;:&quot;cf-nel&quot;}
Server=cloudflare
CF-RAY=645fc49b1de7ce27-LHR
alt-svc=h3-27=&quot;:443&quot;; ma=86400, h3-28=&quot;:443&quot;; ma=86400, h3-29=&quot;:443&quot;; ma=86400
" type="java.lang.AssertionError">
      <![CDATA[java.lang.AssertionError: 1 expectation failed.
Expected header "content-length" was not "155", was "null". Headers are:
Date=Mon, 26 Apr 2021 12:20:56 GMT
Content-Type=application/json; charset=utf-8
Transfer-Encoding=chunked
Connection=keep-alive
Set-Cookie=__cfduid=da903d0d795b2be154666bd6980be4e151619439656; expires=Wed, 26-May-21 12:20:56 GMT; path=/; domain=.typicode.com; HttpOnly; SameSite=Lax
X-Powered-By=Express
X-Ratelimit-Limit=1000
X-Ratelimit-Remaining=999
X-Ratelimit-Reset=1619330730
Vary=Origin, Accept-Encoding
Access-Control-Allow-Credentials=true
Cache-Control=max-age=43200
Pragma=no-cache
Expires=-1
X-Content-Type-Options=nosniff
Etag=W/"160d-1eMSsxeJRfnVLRBmYJSbCiJZ1qQ"
Content-Encoding=gzip
Via=1.1 vegur
CF-Cache-Status=HIT
Age=8888
cf-request-id=09afb934ef0000ce27d326a000000001
Expect-CT=max-age=604800, report-uri="https://report-uri.cloudflare.com/cdn-cgi/beacon/expect-ct"
Report-To={"endpoints":[{"url":"https:\/\/a.nel.cloudflare.com\/report?s=CxgpeALgK6s%2BnGKNqIqD2ljsIcTi5hi8UD%2FVwmzbgqgo5R5MQ4cv%2FC6zHOqzuTrfJxYEdYztwCmzVUWkI2JGzT%2FhnjrazWrwzCPMbWHvjbwkgplEuZKFbc0MjGGi"}],"max_age":604800,"group":"cf-nel"}
NEL={"max_age":604800,"report_to":"cf-nel"}
Server=cloudflare
CF-RAY=645fc49b1de7ce27-LHR
alt-svc=h3-27=":443"; ma=86400, h3-28=":443"; ma=86400, h3-29=":443"; ma=86400

at java.base/jdk.internal.reflect.NativeConstructorAccessorImpl.newInstance0(Native Method)
at java.base/jdk.internal.reflect.NativeConstructorAccessorImpl.newInstance(NativeConstructorAccessorImpl.java:64)
at java.base/jdk.internal.reflect.DelegatingConstructorAccessorImpl.newInstance(DelegatingConstructorAccessorImpl.java:45)
at java.base/java.lang.reflect.Constructor.newInstanceWithCaller(Constructor.java:500)
at java.base/java.lang.reflect.Constructor.newInstance(Constructor.java:481)
at org.codehaus.groovy.reflection.CachedConstructor.invoke(CachedConstructor.java:83)
at org.codehaus.groovy.reflection.CachedConstructor.doConstructorInvoke(CachedConstructor.java:77)
at org.codehaus.groovy.runtime.callsite.ConstructorSite$ConstructorSiteNoUnwrap.callConstructor(ConstructorSite.java:84)
at org.codehaus.groovy.runtime.callsite.CallSiteArray.defaultCallConstructor(CallSiteArray.java:60)
at org.codehaus.groovy.runtime.callsite.AbstractCallSite.callConstructor(AbstractCallSite.java:235)
at org.codehaus.groovy.runtime.callsite.AbstractCallSite.callConstructor(AbstractCallSite.java:247)
at io.restassured.internal.ResponseSpecificationImpl$HamcrestAssertionClosure.validate(ResponseSpecificationImpl.groovy:471)
at io.restassured.internal.ResponseSpecificationImpl$HamcrestAssertionClosure$validate$1.call(Unknown Source)
at io.restassured.internal.ResponseSpecificationImpl.validateResponseIfRequired(ResponseSpecificationImpl.groovy:643)
at java.base/jdk.internal.reflect.NativeMethodAccessorImpl.invoke0(Native Method)
at java.base/jdk.internal.reflect.NativeMethodAccessorImpl.invoke(NativeMethodAccessorImpl.java:64)
at java.base/jdk.internal.reflect.DelegatingMethodAccessorImpl.invoke(DelegatingMethodAccessorImpl.java:43)
at java.base/java.lang.reflect.Method.invoke(Method.java:564)
at org.codehaus.groovy.runtime.callsite.PogoMetaMethodSite$PogoCachedMethodSiteNoUnwrapNoCoerce.invoke(PogoMetaMethodSite.java:210)
at org.codehaus.groovy.runtime.callsite.PogoMetaMethodSite.callCurrent(PogoMetaMethodSite.java:59)
at org.codehaus.groovy.runtime.callsite.CallSiteArray.defaultCallCurrent(CallSiteArray.java:52)
at org.codehaus.groovy.runtime.callsite.AbstractCallSite.callCurrent(AbstractCallSite.java:154)
at org.codehaus.groovy.runtime.callsite.AbstractCallSite.callCurrent(AbstractCallSite.java:166)
at io.restassured.internal.ResponseSpecificationImpl.header(ResponseSpecificationImpl.groovy:177)
at io.restassured.internal.ValidatableResponseOptionsImpl.header(ValidatableResponseOptionsImpl.java:142)
at com.qa.rest.tests.GETCallBDD.test_total_users_count(GETCallBDD.java:20)
at java.base/jdk.internal.reflect.NativeMethodAccessorImpl.invoke0(Native Method)
at java.base/jdk.internal.reflect.NativeMethodAccessorImpl.invoke(NativeMethodAccessorImpl.java:64)
at java.base/jdk.internal.reflect.DelegatingMethodAccessorImpl.invoke(DelegatingMethodAccessorImpl.java:43)
at java.base/java.lang.reflect.Method.invoke(Method.java:564)
at org.testng.internal.MethodInvocationHelper.invokeMethod(MethodInvocationHelper.java:132)
at org.testng.internal.TestInvoker.invokeMethod(TestInvoker.java:599)
at org.testng.internal.TestInvoker.invokeTestMethod(TestInvoker.java:174)
at org.testng.internal.MethodRunner.runInSequence(MethodRunner.java:46)
at org.testng.internal.TestInvoker$MethodInvocationAgent.invoke(TestInvoker.java:822)
at org.testng.internal.TestInvoker.invokeTestMethods(TestInvoker.java:147)
at org.testng.internal.TestMethodWorker.invokeTestMethods(TestMethodWorker.java:146)
at org.testng.internal.TestMethodWorker.run(TestMethodWorker.java:128)
at java.base/java.util.ArrayList.forEach(ArrayList.java:1511)
at org.testng.TestRunner.privateRun(TestRunner.java:764)
at org.testng.TestRunner.run(TestRunner.java:585)
at org.testng.SuiteRunner.runTest(SuiteRunner.java:384)
at org.testng.SuiteRunner.runSequentially(SuiteRunner.java:378)
at org.testng.SuiteRunner.privateRun(SuiteRunner.java:337)
at org.testng.SuiteRunner.run(SuiteRunner.java:286)
at org.testng.SuiteRunnerWorker.runSuite(SuiteRunnerWorker.java:53)
at org.testng.SuiteRunnerWorker.run(SuiteRunnerWorker.java:96)
at org.testng.TestNG.runSuitesSequentially(TestNG.java:1218)
at org.testng.TestNG.runSuitesLocally(TestNG.java:1140)
at org.testng.TestNG.runSuites(TestNG.java:1069)
at org.testng.TestNG.run(TestNG.java:1037)
at org.testng.remote.AbstractRemoteTestNG.run(AbstractRemoteTestNG.java:115)
at org.testng.remote.RemoteTestNG.initAndRun(RemoteTestNG.java:251)
at org.testng.remote.RemoteTestNG.main(RemoteTestNG.java:77)
]]>
    </failure>
  </testcase> <!-- test_total_users_count -->
  <system-out/>
</testsuite> <!-- com.qa.rest.tests.GETCallBDD -->
